<?xml version="1.0" encoding="UTF-8"?>
<testng-results ignored="0" total="1" passed="1" failed="0" skipped="0">
  <reporter-output>
  </reporter-output>
  <suite started-at="2021-09-28T00:34:13Z" name="All Test Suite" finished-at="2021-09-28T00:34:20Z" duration-ms="7684">
    <groups>
    </groups>
    <test started-at="2021-09-28T00:34:13Z" name="   Salesforce" finished-at="2021-09-28T00:34:20Z" duration-ms="7684">
      <class name="SalesForceAssignment.TestHomePage">
        <test-method is-config="true" signature="testLaunchSite()[pri:0, instance:SalesForceAssignment.TestHomePage@482cd91f]" started-at="2021-09-28T00:34:13Z" name="testLaunchSite" finished-at="2021-09-28T00:34:17Z" duration-ms="4612" status="PASS">
          <reporter-output>
          </reporter-output>
        </test-method> <!-- testLaunchSite -->
        <test-method signature="verifyDropdown()[pri:0, instance:SalesForceAssignment.TestHomePage@482cd91f]" started-at="2021-09-28T00:34:17Z" name="verifyDropdown" finished-at="2021-09-28T00:34:20Z" duration-ms="2433" status="PASS">
          <reporter-output>
          </reporter-output>
        </test-method> <!-- verifyDropdown -->
        <test-method is-config="true" signature="tearDown()[pri:0, instance:SalesForceAssignment.TestHomePage@482cd91f]" started-at="2021-09-28T00:34:20Z" name="tearDown" finished-at="2021-09-28T00:34:20Z" duration-ms="615" status="PASS">
          <reporter-output>
          </reporter-output>
        </test-method> <!-- tearDown -->
      </class> <!-- SalesForceAssignment.TestHomePage -->
    </test> <!--    Salesforce -->
  </suite> <!-- All Test Suite -->
</testng-results>
